Using pre-set license
Built from '2020.2/staging' branch; Version is '2020.2.7f1 (c53830e277f1) revision 12924976'; Using compiler version '192528614'; Build Type 'Release'
OS: 'Windows 10 Pro; OS build 19041.867; Version 2004; 64bit' Language: 'en' Physical Memory: 16317 MB
BatchMode: 1, IsHumanControllingUs: 0, StartBugReporterOnCrash: 0, Is64bit: 1, IsPro: 0

 COMMAND LINE ARGUMENTS:
C:\Program Files\Unity\Hub\Editor\2020.2.7f1\Editor\Unity.exe
-adb2
-batchMode
-noUpm
-name
AssetImportWorker0
-projectPath
C:/Users/Jack Karlsson/Documents/GitHub/UnityToolbar
-logFile
Logs/AssetImportWorker0.log
-srvPort
56287
Successfully changed project path to: C:/Users/Jack Karlsson/Documents/GitHub/UnityToolbar
C:/Users/Jack Karlsson/Documents/GitHub/UnityToolbar
Using Asset Import Pipeline V2.
Refreshing native plugins compatible for Editor in 28.19 ms, found 0 plugins.
Preloading 0 native plugins for Editor in 0.00 ms.
Initialize engine version: 2020.2.7f1 (c53830e277f1)
[Subsystems] Discovering subsystems at path C:/Program Files/Unity/Hub/Editor/2020.2.7f1/Editor/Data/Resources/UnitySubsystems
[Subsystems] Discovering subsystems at path C:/Users/Jack Karlsson/Documents/GitHub/UnityToolbar/Assets
GfxDevice: creating device client; threaded=0
Direct3D:
    Version:  Direct3D 11.0 [level 11.1]
    Renderer: NVIDIA GeForce RTX 2060 (ID=0x1f08)
    Vendor:   
    VRAM:     5980 MB
    Driver:   27.21.14.5751
Initialize mono
Mono path[0] = 'C:/Program Files/Unity/Hub/Editor/2020.2.7f1/Editor/Data/Managed'
Mono path[1] = 'C:/Program Files/Unity/Hub/Editor/2020.2.7f1/Editor/Data/MonoBleedingEdge/lib/mono/unityjit'
Mono config path = 'C:/Program Files/Unity/Hub/Editor/2020.2.7f1/Editor/Data/MonoBleedingEdge/etc'
Using monoOptions --debugger-agent=transport=dt_socket,embedding=1,server=y,suspend=n,address=127.0.0.1:56820
Begin MonoManager ReloadAssembly
Registering precompiled unity dll's ...
Register platform support module: C:/Program Files/Unity/Hub/Editor/2020.2.7f1/Editor/Data/PlaybackEngines/WindowsStandaloneSupport/UnityEditor.WindowsStandalone.Extensions.dll
Registered in 0.002718 seconds.
Native extension for WindowsStandalone target not found
Refreshing native plugins compatible for Editor in 26.95 ms, found 0 plugins.
Preloading 0 native plugins for Editor in 0.00 ms.
Invoked RoslynAnalysisRunner static constructor.
RoslynAnalysisRunner will not be running.
RoslynAnalysisRunner has terminated.
Mono: successfully reloaded assembly
- Completed reload, in  3.009 seconds
Platform modules already initialized, skipping
Registering precompiled user dll's ...
Registered in 0.000871 seconds.
Begin MonoManager ReloadAssembly
Native extension for WindowsStandalone target not found
Refreshing native plugins compatible for Editor in 0.22 ms, found 0 plugins.
Preloading 0 native plugins for Editor in 0.00 ms.
Invoked RoslynAnalysisRunner static constructor.
RoslynAnalysisRunner will not be running.
RoslynAnalysisRunner has terminated.
Mono: successfully reloaded assembly
- Completed reload, in  1.030 seconds
Platform modules already initialized, skipping
========================================================================
Worker process is ready to serve import requests
Launched and connected shader compiler UnityShaderCompiler.exe after 0.04 seconds
Refreshing native plugins compatible for Editor in 0.21 ms, found 0 plugins.
Preloading 0 native plugins for Editor in 0.00 ms.
Unloading 1120 Unused Serialized files (Serialized files now loaded: 0)
System memory in use before: 57.0 MB.
System memory in use after: 57.1 MB.

Unloading 10 unused Assets to reduce memory usage. Loaded Objects now: 1562.
Total: 2.019700 ms (FindLiveObjects: 0.209700 ms CreateObjectMapping: 0.043300 ms MarkObjects: 1.669500 ms  DeleteObjects: 0.095200 ms)

========================================================================
Received Import Request.
  path: Assets/Plugins/UnityToolbar/Scripts/EditorExtensions/ToolbarStyles.cs
  artifactKey: Guid(8ea7b29b769e4a13b8d2d92836d10a7f) Importer(815301076,1909f56bfc062723c751e8b465ee728b)
Start importing Assets/Plugins/UnityToolbar/Scripts/EditorExtensions/ToolbarStyles.cs using Guid(8ea7b29b769e4a13b8d2d92836d10a7f) Importer(815301076,1909f56bfc062723c751e8b465ee728b)  -> (artifact id: '8a55092152c4e1352613bd50be333f4e') in 0.031112 seconds
  Import took 0.033178 seconds .

========================================================================
Received Import Request.
  Time since last request: 0.008612 seconds.
  path: Assets/Plugins/UnityToolbar/UnityToolbar_Org/Editor/ToolbarExtender.Editor.asmdef
  artifactKey: Guid(0a0471484b079be408cb3a0d7fe94736) Importer(815301076,1909f56bfc062723c751e8b465ee728b)
Start importing Assets/Plugins/UnityToolbar/UnityToolbar_Org/Editor/ToolbarExtender.Editor.asmdef using Guid(0a0471484b079be408cb3a0d7fe94736) Importer(815301076,1909f56bfc062723c751e8b465ee728b)  -> (artifact id: '40a02f269e0765e53403fe1a5306beae') in 0.011210 seconds
  Import took 0.013232 seconds .

========================================================================
Received Import Request.
  Time since last request: 0.009181 seconds.
  path: Assets/Plugins/UnityToolbar/Scripts/EditorExtensions/AssetQuerying.cs
  artifactKey: Guid(9c03bd55597eee641b0258989f81a651) Importer(815301076,1909f56bfc062723c751e8b465ee728b)
Start importing Assets/Plugins/UnityToolbar/Scripts/EditorExtensions/AssetQuerying.cs using Guid(9c03bd55597eee641b0258989f81a651) Importer(815301076,1909f56bfc062723c751e8b465ee728b)  -> (artifact id: '9366eb6038b37eec854756922f38254f') in 0.003681 seconds
  Import took 0.005692 seconds .

========================================================================
Received Import Request.
  Time since last request: 0.008998 seconds.
  path: Assets/Plugins/UnityToolbar/UnityToolbar_Org/Editor/ToolbarCallback.cs
  artifactKey: Guid(6249d6d81278a6a42a2fb1acc3781543) Importer(815301076,1909f56bfc062723c751e8b465ee728b)
Start importing Assets/Plugins/UnityToolbar/UnityToolbar_Org/Editor/ToolbarCallback.cs using Guid(6249d6d81278a6a42a2fb1acc3781543) Importer(815301076,1909f56bfc062723c751e8b465ee728b)  -> (artifact id: '38eb987095680614a6cd0cbd2e676e59') in 0.008183 seconds
  Import took 0.010333 seconds .

========================================================================
Received Import Request.
  Time since last request: 0.007882 seconds.
  path: Assets/Plugins/UnityToolbar
  artifactKey: Guid(d2a39691c07abc04eb3ee7c5828d0b46) Importer(815301076,1909f56bfc062723c751e8b465ee728b)
Start importing Assets/Plugins/UnityToolbar using Guid(d2a39691c07abc04eb3ee7c5828d0b46) Importer(815301076,1909f56bfc062723c751e8b465ee728b)  -> (artifact id: 'a3f29466f3af6e4d53018bfb838cabfc') in 0.007648 seconds
  Import took 0.009647 seconds .

========================================================================
Received Import Request.
  Time since last request: 0.022932 seconds.
  path: Assets/Plugins/UnityToolbar/Images
  artifactKey: Guid(94bbec6c887835646a93a1fb5519f84c) Importer(815301076,1909f56bfc062723c751e8b465ee728b)
Start importing Assets/Plugins/UnityToolbar/Images using Guid(94bbec6c887835646a93a1fb5519f84c) Importer(815301076,1909f56bfc062723c751e8b465ee728b)  -> (artifact id: 'dc0bc8d04851f5f5c27545e51ed16bf0') in 0.007608 seconds
  Import took 0.009592 seconds .

========================================================================
Received Import Request.
  Time since last request: 0.028439 seconds.
  path: Assets/Plugins/UnityToolbar/Scenes/ExampleScene.unity
  artifactKey: Guid(9fc0d4010bbf28b4594072e72b8655ab) Importer(815301076,1909f56bfc062723c751e8b465ee728b)
Start importing Assets/Plugins/UnityToolbar/Scenes/ExampleScene.unity using Guid(9fc0d4010bbf28b4594072e72b8655ab) Importer(815301076,1909f56bfc062723c751e8b465ee728b)  -> (artifact id: '8139281564e748136884ff186a6743f0') in 0.019012 seconds
  Import took 0.021065 seconds .

========================================================================
Received Import Request.
  Time since last request: 0.009602 seconds.
  path: Assets/Plugins/UnityToolbar/Scripts/EditorExtensions/EditorSceneManager.cs
  artifactKey: Guid(b83354c7324c49a0b57b171ec7327257) Importer(815301076,1909f56bfc062723c751e8b465ee728b)
Start importing Assets/Plugins/UnityToolbar/Scripts/EditorExtensions/EditorSceneManager.cs using Guid(b83354c7324c49a0b57b171ec7327257) Importer(815301076,1909f56bfc062723c751e8b465ee728b)  -> (artifact id: 'e55fa4edf020822513454a7b0fb8b744') in 0.009106 seconds
  Import took 0.011159 seconds .

========================================================================
Received Import Request.
  Time since last request: 0.039389 seconds.
  path: Assets/Plugins
  artifactKey: Guid(84b8313f13930cc42af077c8845cd593) Importer(815301076,1909f56bfc062723c751e8b465ee728b)
Start importing Assets/Plugins using Guid(84b8313f13930cc42af077c8845cd593) Importer(815301076,1909f56bfc062723c751e8b465ee728b)  -> (artifact id: '696993b911310cc8cebc652e36ba2e5c') in 0.003563 seconds
  Import took 0.005540 seconds .

========================================================================
Received Import Request.
  Time since last request: 0.008730 seconds.
  path: Assets/Plugins/UnityToolbar/UnityToolbar_Org/Editor/ToolbarExtender.cs
  artifactKey: Guid(98dc2ee9817d16c4e8c71d552b4c7c76) Importer(815301076,1909f56bfc062723c751e8b465ee728b)
Start importing Assets/Plugins/UnityToolbar/UnityToolbar_Org/Editor/ToolbarExtender.cs using Guid(98dc2ee9817d16c4e8c71d552b4c7c76) Importer(815301076,1909f56bfc062723c751e8b465ee728b)  -> (artifact id: '237c295638d5eb8686687dfe9e5c8541') in 0.009096 seconds
  Import took 0.011267 seconds .

========================================================================
Received Import Request.
  Time since last request: 0.009610 seconds.
  path: Assets/Plugins/UnityToolbar/Scripts/EditorExtensions/ToolbarCustomization.cs
  artifactKey: Guid(7756c781be7645e49aed6fc11371afd3) Importer(815301076,1909f56bfc062723c751e8b465ee728b)
Start importing Assets/Plugins/UnityToolbar/Scripts/EditorExtensions/ToolbarCustomization.cs using Guid(7756c781be7645e49aed6fc11371afd3) Importer(815301076,1909f56bfc062723c751e8b465ee728b)  -> (artifact id: '2d6bfeb0addf69d493ede9f3a973ce59') in 0.007947 seconds
  Import took 0.009963 seconds .

========================================================================
Received Import Request.
  Time since last request: 0.016312 seconds.
  path: Assets/Plugins/UnityToolbar/Scripts
  artifactKey: Guid(b8abe87dc91f47a49adf494683d6e577) Importer(815301076,1909f56bfc062723c751e8b465ee728b)
Start importing Assets/Plugins/UnityToolbar/Scripts using Guid(b8abe87dc91f47a49adf494683d6e577) Importer(815301076,1909f56bfc062723c751e8b465ee728b)  -> (artifact id: '6230fafda8c1659aa22fe2e04466dbc3') in 0.008192 seconds
  Import took 0.010282 seconds .

========================================================================
Received Prepare
Registering precompiled user dll's ...
Registered in 0.000889 seconds.
Begin MonoManager ReloadAssembly
Native extension for WindowsStandalone target not found
Refreshing native plugins compatible for Editor in 0.22 ms, found 0 plugins.
Preloading 0 native plugins for Editor in 0.00 ms.
Invoked RoslynAnalysisRunner static constructor.
RoslynAnalysisRunner will not be running.
RoslynAnalysisRunner has terminated.
Mono: successfully reloaded assembly
- Completed reload, in  0.962 seconds
Platform modules already initialized, skipping
Refreshing native plugins compatible for Editor in 0.22 ms, found 0 plugins.
Preloading 0 native plugins for Editor in 0.00 ms.
Unloading 1108 Unused Serialized files (Serialized files now loaded: 0)
System memory in use before: 56.8 MB.
System memory in use after: 56.9 MB.

Unloading 10 unused Assets to reduce memory usage. Loaded Objects now: 1560.
Total: 1.710900 ms (FindLiveObjects: 0.149600 ms CreateObjectMapping: 0.030100 ms MarkObjects: 1.470000 ms  DeleteObjects: 0.060000 ms)

========================================================================
Received Prepare
Registering precompiled user dll's ...
Registered in 0.000802 seconds.
Begin MonoManager ReloadAssembly
Native extension for WindowsStandalone target not found
Refreshing native plugins compatible for Editor in 0.22 ms, found 0 plugins.
Preloading 0 native plugins for Editor in 0.00 ms.
Invoked RoslynAnalysisRunner static constructor.
RoslynAnalysisRunner will not be running.
RoslynAnalysisRunner has terminated.
Mono: successfully reloaded assembly
- Completed reload, in  0.955 seconds
Platform modules already initialized, skipping
Refreshing native plugins compatible for Editor in 0.22 ms, found 0 plugins.
Preloading 0 native plugins for Editor in 0.00 ms.
Unloading 1115 Unused Serialized files (Serialized files now loaded: 0)
System memory in use before: 57.0 MB.
System memory in use after: 57.1 MB.

Unloading 5 unused Assets to reduce memory usage. Loaded Objects now: 1568.
Total: 1.688800 ms (FindLiveObjects: 0.144900 ms CreateObjectMapping: 0.031900 ms MarkObjects: 1.462900 ms  DeleteObjects: 0.048000 ms)

========================================================================
Received Prepare
Registering precompiled user dll's ...
Registered in 0.000753 seconds.
Begin MonoManager ReloadAssembly
Native extension for WindowsStandalone target not found
Refreshing native plugins compatible for Editor in 0.21 ms, found 0 plugins.
Preloading 0 native plugins for Editor in 0.00 ms.
Invoked RoslynAnalysisRunner static constructor.
RoslynAnalysisRunner will not be running.
RoslynAnalysisRunner has terminated.
Mono: successfully reloaded assembly
- Completed reload, in  0.980 seconds
Platform modules already initialized, skipping
Refreshing native plugins compatible for Editor in 0.29 ms, found 0 plugins.
Preloading 0 native plugins for Editor in 0.00 ms.
Unloading 1115 Unused Serialized files (Serialized files now loaded: 0)
System memory in use before: 57.0 MB.
System memory in use after: 57.1 MB.

Unloading 5 unused Assets to reduce memory usage. Loaded Objects now: 1571.
Total: 1.694700 ms (FindLiveObjects: 0.150300 ms CreateObjectMapping: 0.030200 ms MarkObjects: 1.459900 ms  DeleteObjects: 0.053100 ms)

========================================================================
Received Prepare
Registering precompiled user dll's ...
Registered in 0.000739 seconds.
Begin MonoManager ReloadAssembly
Native extension for WindowsStandalone target not found
Refreshing native plugins compatible for Editor in 0.27 ms, found 0 plugins.
Preloading 0 native plugins for Editor in 0.00 ms.
Invoked RoslynAnalysisRunner static constructor.
RoslynAnalysisRunner will not be running.
RoslynAnalysisRunner has terminated.
Mono: successfully reloaded assembly
- Completed reload, in  0.953 seconds
Platform modules already initialized, skipping
Refreshing native plugins compatible for Editor in 0.21 ms, found 0 plugins.
Preloading 0 native plugins for Editor in 0.00 ms.
Unloading 1115 Unused Serialized files (Serialized files now loaded: 0)
System memory in use before: 57.0 MB.
System memory in use after: 57.1 MB.

Unloading 5 unused Assets to reduce memory usage. Loaded Objects now: 1574.
Total: 1.690600 ms (FindLiveObjects: 0.142400 ms CreateObjectMapping: 0.030600 ms MarkObjects: 1.466600 ms  DeleteObjects: 0.049800 ms)

========================================================================
Received Import Request.
  Time since last request: 866.260167 seconds.
  path: Assets/Plugins/PreloadShortcut/Scripts/EditorExtensions/EditorSceneManager.cs
  artifactKey: Guid(b83354c7324c49a0b57b171ec7327257) Importer(815301076,1909f56bfc062723c751e8b465ee728b)
Start importing Assets/Plugins/PreloadShortcut/Scripts/EditorExtensions/EditorSceneManager.cs using Guid(b83354c7324c49a0b57b171ec7327257) Importer(815301076,1909f56bfc062723c751e8b465ee728b)  -> (artifact id: '0593fce11b2f28bf05f4137ccef8c9bb') in 0.006337 seconds
  Import took 0.008404 seconds .

========================================================================
Received Prepare
Registering precompiled user dll's ...
Registered in 0.000804 seconds.
Begin MonoManager ReloadAssembly
Native extension for WindowsStandalone target not found
Refreshing native plugins compatible for Editor in 0.27 ms, found 0 plugins.
Preloading 0 native plugins for Editor in 0.00 ms.
Invoked RoslynAnalysisRunner static constructor.
RoslynAnalysisRunner will not be running.
RoslynAnalysisRunner has terminated.
Mono: successfully reloaded assembly
- Completed reload, in  0.970 seconds
Platform modules already initialized, skipping
Refreshing native plugins compatible for Editor in 0.21 ms, found 0 plugins.
Preloading 0 native plugins for Editor in 0.00 ms.
Unloading 1115 Unused Serialized files (Serialized files now loaded: 0)
System memory in use before: 57.1 MB.
System memory in use after: 57.2 MB.

Unloading 5 unused Assets to reduce memory usage. Loaded Objects now: 1577.
Total: 1.722600 ms (FindLiveObjects: 0.154200 ms CreateObjectMapping: 0.030400 ms MarkObjects: 1.482800 ms  DeleteObjects: 0.053900 ms)

========================================================================
Received Prepare
Registering precompiled user dll's ...
Registered in 0.000755 seconds.
Begin MonoManager ReloadAssembly
Native extension for WindowsStandalone target not found
Refreshing native plugins compatible for Editor in 0.22 ms, found 0 plugins.
Preloading 0 native plugins for Editor in 0.00 ms.
Invoked RoslynAnalysisRunner static constructor.
RoslynAnalysisRunner will not be running.
RoslynAnalysisRunner has terminated.
Mono: successfully reloaded assembly
- Completed reload, in  0.984 seconds
Platform modules already initialized, skipping
Refreshing native plugins compatible for Editor in 0.21 ms, found 0 plugins.
Preloading 0 native plugins for Editor in 0.00 ms.
Unloading 1115 Unused Serialized files (Serialized files now loaded: 0)
System memory in use before: 57.1 MB.
System memory in use after: 57.2 MB.

Unloading 5 unused Assets to reduce memory usage. Loaded Objects now: 1580.
Total: 1.729000 ms (FindLiveObjects: 0.163400 ms CreateObjectMapping: 0.035800 ms MarkObjects: 1.472500 ms  DeleteObjects: 0.056300 ms)

